# JRE version: OpenJDK Runtime Environment (8.0_152-b01) (build 1.8.0_152-release-1248-b01)
# Java VM: OpenJDK 64-Bit Server VM (25.152-b01 mixed mode windows-amd64 compressed oops)
Heap:
 PSYoungGen      total 154112K, used 139750K [0x00000000e0000000, 0x00000000eb880000, 0x0000000100000000)
  eden space 145408K, 90% used [0x00000000e0000000,0x00000000e8076170,0x00000000e8e00000)
  from space 8704K, 94% used [0x00000000eb000000,0x00000000eb803910,0x00000000eb880000)
  to   space 19456K, 0% used [0x00000000e9280000,0x00000000e9280000,0x00000000ea580000)
 ParOldGen       total 178688K, used 31597K [0x00000000a0000000, 0x00000000aae80000, 0x00000000e0000000)
  object space 178688K, 17% used [0x00000000a0000000,0x00000000a1edb748,0x00000000aae80000)
 Metaspace       used 64673K, capacity 66812K, committed 67072K, reserved 1107968K
  class space    used 8597K, capacity 9137K, committed 9216K, reserved 1048576K
GC Heap History (10 events):
Event: 5.688 GC heap before
{Heap before GC invocations=9 (full 2):
 PSYoungGen      total 107008K, used 94720K [0x00000000e0000000, 0x00000000e7680000, 0x0000000100000000)
  eden space 94720K, 100% used [0x00000000e0000000,0x00000000e5c80000,0x00000000e5c80000)
  from space 12288K, 0% used [0x00000000e6880000,0x00000000e6880000,0x00000000e7480000)
  to   space 12288K, 0% used [0x00000000e5c80000,0x00000000e5c80000,0x00000000e6880000)
 ParOldGen       total 178688K, used 16916K [0x00000000a0000000, 0x00000000aae80000, 0x00000000e0000000)
  object space 178688K, 9% used [0x00000000a0000000,0x00000000a1085198,0x00000000aae80000)
 Metaspace       used 42798K, capacity 43774K, committed 44032K, reserved 1087488K
  class space    used 5824K, capacity 6136K, committed 6144K, reserved 1048576K
Event: 5.698 GC heap after
Heap after GC invocations=9 (full 2):
 PSYoungGen      total 107008K, used 12286K [0x00000000e0000000, 0x00000000e9d00000, 0x0000000100000000)
  eden space 94720K, 0% used [0x00000000e0000000,0x00000000e0000000,0x00000000e5c80000)
  from space 12288K, 99% used [0x00000000e5c80000,0x00000000e687fad0,0x00000000e6880000)
  to   space 14848K, 0% used [0x00000000e8e80000,0x00000000e8e80000,0x00000000e9d00000)
 ParOldGen       total 178688K, used 18882K [0x00000000a0000000, 0x00000000aae80000, 0x00000000e0000000)
  object space 178688K, 10% used [0x00000000a0000000,0x00000000a1270ae8,0x00000000aae80000)
 Metaspace       used 42798K, capacity 43774K, committed 44032K, reserved 1087488K
  class space    used 5824K, capacity 6136K, committed 6144K, reserved 1048576K
}
Event: 6.647 GC heap before
{Heap before GC invocations=10 (full 2):
 PSYoungGen      total 107008K, used 107006K [0x00000000e0000000, 0x00000000e9d00000, 0x0000000100000000)
  eden space 94720K, 100% used [0x00000000e0000000,0x00000000e5c80000,0x00000000e5c80000)
  from space 12288K, 99% used [0x00000000e5c80000,0x00000000e687fad0,0x00000000e6880000)
  to   space 14848K, 0% used [0x00000000e8e80000,0x00000000e8e80000,0x00000000e9d00000)
 ParOldGen       total 178688K, used 18882K [0x00000000a0000000, 0x00000000aae80000, 0x00000000e0000000)
  object space 178688K, 10% used [0x00000000a0000000,0x00000000a1270ae8,0x00000000aae80000)
 Metaspace       used 52496K, capacity 53718K, committed 53888K, reserved 1095680K
  class space    used 7098K, capacity 7440K, committed 7552K, reserved 1048576K
Event: 6.659 GC heap after
Heap after GC invocations=10 (full 2):
 PSYoungGen      total 143360K, used 14829K [0x00000000e0000000, 0x00000000ea280000, 0x0000000100000000)
  eden space 128512K, 0% used [0x00000000e0000000,0x00000000e0000000,0x00000000e7d80000)
  from space 14848K, 99% used [0x00000000e8e80000,0x00000000e9cfb6f0,0x00000000e9d00000)
  to   space 17408K, 0% used [0x00000000e7d80000,0x00000000e7d80000,0x00000000e8e80000)
 ParOldGen       total 178688K, used 21761K [0x00000000a0000000, 0x00000000aae80000, 0x00000000e0000000)
  object space 178688K, 12% used [0x00000000a0000000,0x00000000a1540430,0x00000000aae80000)
 Metaspace       used 52496K, capacity 53718K, committed 53888K, reserved 1095680K
  class space    used 7098K, capacity 7440K, committed 7552K, reserved 1048576K
}
Event: 7.507 GC heap before
{Heap before GC invocations=11 (full 2):
 PSYoungGen      total 143360K, used 90185K [0x00000000e0000000, 0x00000000ea280000, 0x0000000100000000)
  eden space 128512K, 58% used [0x00000000e0000000,0x00000000e4996de0,0x00000000e7d80000)
  from space 14848K, 99% used [0x00000000e8e80000,0x00000000e9cfb6f0,0x00000000e9d00000)
  to   space 17408K, 0% used [0x00000000e7d80000,0x00000000e7d80000,0x00000000e8e80000)
 ParOldGen       total 178688K, used 21761K [0x00000000a0000000, 0x00000000aae80000, 0x00000000e0000000)
  object space 178688K, 12% used [0x00000000a0000000,0x00000000a1540430,0x00000000aae80000)
 Metaspace       used 57301K, capacity 58970K, committed 59136K, reserved 1099776K
  class space    used 7888K, capacity 8337K, committed 8448K, reserved 1048576K
Event: 7.519 GC heap after
Heap after GC invocations=11 (full 2):
 PSYoungGen      total 145920K, used 17389K [0x00000000e0000000, 0x00000000ec380000, 0x0000000100000000)
  eden space 128512K, 0% used [0x00000000e0000000,0x00000000e0000000,0x00000000e7d80000)
  from space 17408K, 99% used [0x00000000e7d80000,0x00000000e8e7b630,0x00000000e8e80000)
  to   space 19968K, 0% used [0x00000000eb000000,0x00000000eb000000,0x00000000ec380000)
 ParOldGen       total 178688K, used 22025K [0x00000000a0000000, 0x00000000aae80000, 0x00000000e0000000)
  object space 178688K, 12% used [0x00000000a0000000,0x00000000a1582470,0x00000000aae80000)
 Metaspace       used 57301K, capacity 58970K, committed 59136K, reserved 1099776K
  class space    used 7888K, capacity 8337K, committed 8448K, reserved 1048576K
}
Event: 7.520 GC heap before
{Heap before GC invocations=12 (full 3):
 PSYoungGen      total 145920K, used 17389K [0x00000000e0000000, 0x00000000ec380000, 0x0000000100000000)
  eden space 128512K, 0% used [0x00000000e0000000,0x00000000e0000000,0x00000000e7d80000)
  from space 17408K, 99% used [0x00000000e7d80000,0x00000000e8e7b630,0x00000000e8e80000)
  to   space 19968K, 0% used [0x00000000eb000000,0x00000000eb000000,0x00000000ec380000)
 ParOldGen       total 178688K, used 22025K [0x00000000a0000000, 0x00000000aae80000, 0x00000000e0000000)
  object space 178688K, 12% used [0x00000000a0000000,0x00000000a1582470,0x00000000aae80000)
 Metaspace       used 57301K, capacity 58970K, committed 59136K, reserved 1099776K
  class space    used 7888K, capacity 8337K, committed 8448K, reserved 1048576K
Event: 7.729 GC heap after
Heap after GC invocations=12 (full 3):
 PSYoungGen      total 145920K, used 0K [0x00000000e0000000, 0x00000000ec380000, 0x0000000100000000)
  eden space 128512K, 0% used [0x00000000e0000000,0x00000000e0000000,0x00000000e7d80000)
  from space 17408K, 0% used [0x00000000e7d80000,0x00000000e7d80000,0x00000000e8e80000)
  to   space 19968K, 0% used [0x00000000eb000000,0x00000000eb000000,0x00000000ec380000)
 ParOldGen       total 178688K, used 31589K [0x00000000a0000000, 0x00000000aae80000, 0x00000000e0000000)
  object space 178688K, 17% used [0x00000000a0000000,0x00000000a1ed9748,0x00000000aae80000)
 Metaspace       used 57301K, capacity 58970K, committed 59136K, reserved 1099776K
  class space    used 7888K, capacity 8337K, committed 8448K, reserved 1048576K
}
Event: 9.581 GC heap before
{Heap before GC invocations=13 (full 3):
 PSYoungGen      total 145920K, used 128512K [0x00000000e0000000, 0x00000000ec380000, 0x0000000100000000)
  eden space 128512K, 100% used [0x00000000e0000000,0x00000000e7d80000,0x00000000e7d80000)
  from space 17408K, 0% used [0x00000000e7d80000,0x00000000e7d80000,0x00000000e8e80000)
  to   space 19968K, 0% used [0x00000000eb000000,0x00000000eb000000,0x00000000ec380000)
 ParOldGen       total 178688K, used 31589K [0x00000000a0000000, 0x00000000aae80000, 0x00000000e0000000)
  object space 178688K, 17% used [0x00000000a0000000,0x00000000a1ed9748,0x00000000aae80000)
 Metaspace       used 62660K, capacity 64450K, committed 64768K, reserved 1105920K
  class space    used 8370K, capacity 8852K, committed 8960K, reserved 1048576K
Event: 9.590 GC heap after
Heap after GC invocations=13 (full 3):
 PSYoungGen      total 154112K, used 8206K [0x00000000e0000000, 0x00000000eb880000, 0x0000000100000000)
  eden space 145408K, 0% used [0x00000000e0000000,0x00000000e0000000,0x00000000e8e00000)
  from space 8704K, 94% used [0x00000000eb000000,0x00000000eb803910,0x00000000eb880000)
  to   space 19456K, 0% used [0x00000000e9280000,0x00000000e9280000,0x00000000ea580000)
 ParOldGen       total 178688K, used 31597K [0x00000000a0000000, 0x00000000aae80000, 0x00000000e0000000)
  object space 178688K, 17% used [0x00000000a0000000,0x00000000a1edb748,0x00000000aae80000)
 Metaspace       used 62660K, capacity 64450K, committed 64768K, reserved 1105920K
  class space    used 8370K, capacity 8852K, committed 8960K, reserved 1048576K
}

