# JRE version: OpenJDK Runtime Environment (8.0_152-b01) (build 1.8.0_152-release-1248-b01)
# Java VM: OpenJDK 64-Bit Server VM (25.152-b01 mixed mode windows-amd64 compressed oops)
Heap:
 PSYoungGen      total 108544K, used 21350K [0x00000000e0000000, 0x00000000e7800000, 0x0000000100000000)
  eden space 96256K, 22% used [0x00000000e0000000,0x00000000e14d9ba0,0x00000000e5e00000)
  from space 12288K, 0% used [0x00000000e6a00000,0x00000000e6a00000,0x00000000e7600000)
  to   space 12288K, 0% used [0x00000000e5e00000,0x00000000e5e00000,0x00000000e6a00000)
 ParOldGen       total 179200K, used 16988K [0x00000000a0000000, 0x00000000aaf00000, 0x00000000e0000000)
  object space 179200K, 9% used [0x00000000a0000000,0x00000000a1097160,0x00000000aaf00000)
 Metaspace       used 37683K, capacity 38478K, committed 38784K, reserved 1083392K
  class space    used 5191K, capacity 5451K, committed 5504K, reserved 1048576K
GC Heap History (10 events):
Event: 3.262 GC heap before
{Heap before GC invocations=4 (full 1):
 PSYoungGen      total 74752K, used 10216K [0x00000000e0000000, 0x00000000e5300000, 0x0000000100000000)
  eden space 64512K, 0% used [0x00000000e0000000,0x00000000e0000000,0x00000000e3f00000)
  from space 10240K, 99% used [0x00000000e3f00000,0x00000000e48fa320,0x00000000e4900000)
  to   space 10240K, 0% used [0x00000000e4900000,0x00000000e4900000,0x00000000e5300000)
 ParOldGen       total 171008K, used 735K [0x00000000a0000000, 0x00000000aa700000, 0x00000000e0000000)
  object space 171008K, 0% used [0x00000000a0000000,0x00000000a00b7c00,0x00000000aa700000)
 Metaspace       used 20645K, capacity 21128K, committed 21296K, reserved 1067008K
  class space    used 2906K, capacity 3091K, committed 3200K, reserved 1048576K
Event: 3.296 GC heap after
Heap after GC invocations=4 (full 1):
 PSYoungGen      total 74752K, used 0K [0x00000000e0000000, 0x00000000e5300000, 0x0000000100000000)
  eden space 64512K, 0% used [0x00000000e0000000,0x00000000e0000000,0x00000000e3f00000)
  from space 10240K, 0% used [0x00000000e3f00000,0x00000000e3f00000,0x00000000e4900000)
  to   space 10240K, 0% used [0x00000000e4900000,0x00000000e4900000,0x00000000e5300000)
 ParOldGen       total 110080K, used 10103K [0x00000000a0000000, 0x00000000a6b80000, 0x00000000e0000000)
  object space 110080K, 9% used [0x00000000a0000000,0x00000000a09ddfe0,0x00000000a6b80000)
 Metaspace       used 20645K, capacity 21128K, committed 21296K, reserved 1067008K
  class space    used 2906K, capacity 3091K, committed 3200K, reserved 1048576K
}
Event: 3.918 GC heap before
{Heap before GC invocations=5 (full 1):
 PSYoungGen      total 74752K, used 64512K [0x00000000e0000000, 0x00000000e5300000, 0x0000000100000000)
  eden space 64512K, 100% used [0x00000000e0000000,0x00000000e3f00000,0x00000000e3f00000)
  from space 10240K, 0% used [0x00000000e3f00000,0x00000000e3f00000,0x00000000e4900000)
  to   space 10240K, 0% used [0x00000000e4900000,0x00000000e4900000,0x00000000e5300000)
 ParOldGen       total 110080K, used 10103K [0x00000000a0000000, 0x00000000a6b80000, 0x00000000e0000000)
  object space 110080K, 9% used [0x00000000a0000000,0x00000000a09ddfe0,0x00000000a6b80000)
 Metaspace       used 26659K, capacity 27154K, committed 27264K, reserved 1073152K
  class space    used 3720K, capacity 3902K, committed 3968K, reserved 1048576K
Event: 3.924 GC heap after
Heap after GC invocations=5 (full 1):
 PSYoungGen      total 74752K, used 6421K [0x00000000e0000000, 0x00000000e7100000, 0x0000000100000000)
  eden space 64512K, 0% used [0x00000000e0000000,0x00000000e0000000,0x00000000e3f00000)
  from space 10240K, 62% used [0x00000000e4900000,0x00000000e4f455e8,0x00000000e5300000)
  to   space 10240K, 0% used [0x00000000e3f00000,0x00000000e3f00000,0x00000000e4900000)
 ParOldGen       total 110080K, used 10111K [0x00000000a0000000, 0x00000000a6b80000, 0x00000000e0000000)
  object space 110080K, 9% used [0x00000000a0000000,0x00000000a09dffe0,0x00000000a6b80000)
 Metaspace       used 26659K, capacity 27154K, committed 27264K, reserved 1073152K
  class space    used 3720K, capacity 3902K, committed 3968K, reserved 1048576K
}
Event: 4.538 GC heap before
{Heap before GC invocations=6 (full 1):
 PSYoungGen      total 74752K, used 70933K [0x00000000e0000000, 0x00000000e7100000, 0x0000000100000000)
  eden space 64512K, 100% used [0x00000000e0000000,0x00000000e3f00000,0x00000000e3f00000)
  from space 10240K, 62% used [0x00000000e4900000,0x00000000e4f455e8,0x00000000e5300000)
  to   space 10240K, 0% used [0x00000000e3f00000,0x00000000e3f00000,0x00000000e4900000)
 ParOldGen       total 110080K, used 10111K [0x00000000a0000000, 0x00000000a6b80000, 0x00000000e0000000)
  object space 110080K, 9% used [0x00000000a0000000,0x00000000a09dffe0,0x00000000a6b80000)
 Metaspace       used 30690K, capacity 31282K, committed 31488K, reserved 1077248K
  class space    used 4298K, capacity 4504K, committed 4608K, reserved 1048576K
Event: 4.545 GC heap after
Heap after GC invocations=6 (full 1):
 PSYoungGen      total 74752K, used 9151K [0x00000000e0000000, 0x00000000e7600000, 0x0000000100000000)
  eden space 64512K, 0% used [0x00000000e0000000,0x00000000e0000000,0x00000000e3f00000)
  from space 10240K, 89% used [0x00000000e3f00000,0x00000000e47eff88,0x00000000e4900000)
  to   space 12288K, 0% used [0x00000000e6a00000,0x00000000e6a00000,0x00000000e7600000)
 ParOldGen       total 110080K, used 10119K [0x00000000a0000000, 0x00000000a6b80000, 0x00000000e0000000)
  object space 110080K, 9% used [0x00000000a0000000,0x00000000a09e1fe0,0x00000000a6b80000)
 Metaspace       used 30690K, capacity 31282K, committed 31488K, reserved 1077248K
  class space    used 4298K, capacity 4504K, committed 4608K, reserved 1048576K
}
Event: 5.154 GC heap before
{Heap before GC invocations=7 (full 1):
 PSYoungGen      total 74752K, used 47726K [0x00000000e0000000, 0x00000000e7600000, 0x0000000100000000)
  eden space 64512K, 59% used [0x00000000e0000000,0x00000000e25ab900,0x00000000e3f00000)
  from space 10240K, 89% used [0x00000000e3f00000,0x00000000e47eff88,0x00000000e4900000)
  to   space 12288K, 0% used [0x00000000e6a00000,0x00000000e6a00000,0x00000000e7600000)
 ParOldGen       total 110080K, used 10119K [0x00000000a0000000, 0x00000000a6b80000, 0x00000000e0000000)
  object space 110080K, 9% used [0x00000000a0000000,0x00000000a09e1fe0,0x00000000a6b80000)
 Metaspace       used 34785K, capacity 35476K, committed 35496K, reserved 1079296K
  class space    used 4864K, capacity 5114K, committed 5120K, reserved 1048576K
Event: 5.163 GC heap after
Heap after GC invocations=7 (full 1):
 PSYoungGen      total 108544K, used 10011K [0x00000000e0000000, 0x00000000e7800000, 0x0000000100000000)
  eden space 96256K, 0% used [0x00000000e0000000,0x00000000e0000000,0x00000000e5e00000)
  from space 12288K, 81% used [0x00000000e6a00000,0x00000000e73c6d20,0x00000000e7600000)
  to   space 12288K, 0% used [0x00000000e5e00000,0x00000000e5e00000,0x00000000e6a00000)
 ParOldGen       total 110080K, used 10127K [0x00000000a0000000, 0x00000000a6b80000, 0x00000000e0000000)
  object space 110080K, 9% used [0x00000000a0000000,0x00000000a09e3fe0,0x00000000a6b80000)
 Metaspace       used 34785K, capacity 35476K, committed 35496K, reserved 1079296K
  class space    used 4864K, capacity 5114K, committed 5120K, reserved 1048576K
}
Event: 5.163 GC heap before
{Heap before GC invocations=8 (full 2):
 PSYoungGen      total 108544K, used 10011K [0x00000000e0000000, 0x00000000e7800000, 0x0000000100000000)
  eden space 96256K, 0% used [0x00000000e0000000,0x00000000e0000000,0x00000000e5e00000)
  from space 12288K, 81% used [0x00000000e6a00000,0x00000000e73c6d20,0x00000000e7600000)
  to   space 12288K, 0% used [0x00000000e5e00000,0x00000000e5e00000,0x00000000e6a00000)
 ParOldGen       total 110080K, used 10127K [0x00000000a0000000, 0x00000000a6b80000, 0x00000000e0000000)
  object space 110080K, 9% used [0x00000000a0000000,0x00000000a09e3fe0,0x00000000a6b80000)
 Metaspace       used 34785K, capacity 35476K, committed 35496K, reserved 1079296K
  class space    used 4864K, capacity 5114K, committed 5120K, reserved 1048576K
Event: 5.213 GC heap after
Heap after GC invocations=8 (full 2):
 PSYoungGen      total 108544K, used 0K [0x00000000e0000000, 0x00000000e7800000, 0x0000000100000000)
  eden space 96256K, 0% used [0x00000000e0000000,0x00000000e0000000,0x00000000e5e00000)
  from space 12288K, 0% used [0x00000000e6a00000,0x00000000e6a00000,0x00000000e7600000)
  to   space 12288K, 0% used [0x00000000e5e00000,0x00000000e5e00000,0x00000000e6a00000)
 ParOldGen       total 179200K, used 16988K [0x00000000a0000000, 0x00000000aaf00000, 0x00000000e0000000)
  object space 179200K, 9% used [0x00000000a0000000,0x00000000a1097160,0x00000000aaf00000)
 Metaspace       used 34785K, capacity 35476K, committed 35496K, reserved 1079296K
  class space    used 4864K, capacity 5114K, committed 5120K, reserved 1048576K
}

