# JRE version: OpenJDK Runtime Environment (8.0_152-b01) (build 1.8.0_152-release-1248-b01)
# Java VM: OpenJDK 64-Bit Server VM (25.152-b01 mixed mode windows-amd64 compressed oops)
Heap:
 PSYoungGen      total 165376K, used 71683K [0x00000000e0000000, 0x00000000f1a80000, 0x0000000100000000)
  eden space 151040K, 37% used [0x00000000e0000000,0x00000000e38016b0,0x00000000e9380000)
  from space 14336K, 99% used [0x00000000e9380000,0x00000000ea17f658,0x00000000ea180000)
  to   space 18432K, 0% used [0x00000000f0880000,0x00000000f0880000,0x00000000f1a80000)
 ParOldGen       total 141824K, used 19848K [0x00000000a0000000, 0x00000000a8a80000, 0x00000000e0000000)
  object space 141824K, 13% used [0x00000000a0000000,0x00000000a1362038,0x00000000a8a80000)
 Metaspace       used 54022K, capacity 55278K, committed 55680K, reserved 1097728K
  class space    used 7338K, capacity 7688K, committed 7808K, reserved 1048576K
GC Heap History (10 events):
Event: 3.681 GC heap before
{Heap before GC invocations=5 (full 1):
 PSYoungGen      total 74752K, used 64512K [0x00000000e0000000, 0x00000000e9200000, 0x0000000100000000)
  eden space 64512K, 100% used [0x00000000e0000000,0x00000000e3f00000,0x00000000e3f00000)
  from space 10240K, 0% used [0x00000000e3f00000,0x00000000e3f00000,0x00000000e4900000)
  to   space 10240K, 0% used [0x00000000e8800000,0x00000000e8800000,0x00000000e9200000)
 ParOldGen       total 107520K, used 10107K [0x00000000a0000000, 0x00000000a6900000, 0x00000000e0000000)
  object space 107520K, 9% used [0x00000000a0000000,0x00000000a09ded90,0x00000000a6900000)
 Metaspace       used 26660K, capacity 27090K, committed 27264K, reserved 1073152K
  class space    used 3721K, capacity 3902K, committed 3968K, reserved 1048576K
Event: 3.690 GC heap after
Heap after GC invocations=5 (full 1):
 PSYoungGen      total 105472K, used 6376K [0x00000000e0000000, 0x00000000e8e80000, 0x0000000100000000)
  eden space 98816K, 0% used [0x00000000e0000000,0x00000000e0000000,0x00000000e6080000)
  from space 6656K, 95% used [0x00000000e8800000,0x00000000e8e3a010,0x00000000e8e80000)
  to   space 10240K, 0% used [0x00000000e7a80000,0x00000000e7a80000,0x00000000e8480000)
 ParOldGen       total 107520K, used 10115K [0x00000000a0000000, 0x00000000a6900000, 0x00000000e0000000)
  object space 107520K, 9% used [0x00000000a0000000,0x00000000a09e0d90,0x00000000a6900000)
 Metaspace       used 26660K, capacity 27090K, committed 27264K, reserved 1073152K
  class space    used 3721K, capacity 3902K, committed 3968K, reserved 1048576K
}
Event: 4.731 GC heap before
{Heap before GC invocations=6 (full 1):
 PSYoungGen      total 105472K, used 105192K [0x00000000e0000000, 0x00000000e8e80000, 0x0000000100000000)
  eden space 98816K, 100% used [0x00000000e0000000,0x00000000e6080000,0x00000000e6080000)
  from space 6656K, 95% used [0x00000000e8800000,0x00000000e8e3a010,0x00000000e8e80000)
  to   space 10240K, 0% used [0x00000000e7a80000,0x00000000e7a80000,0x00000000e8480000)
 ParOldGen       total 107520K, used 10115K [0x00000000a0000000, 0x00000000a6900000, 0x00000000e0000000)
  object space 107520K, 9% used [0x00000000a0000000,0x00000000a09e0d90,0x00000000a6900000)
 Metaspace       used 34440K, capacity 35156K, committed 35328K, reserved 1079296K
  class space    used 4811K, capacity 5050K, committed 5120K, reserved 1048576K
Event: 4.741 GC heap after
Heap after GC invocations=6 (full 1):
 PSYoungGen      total 135680K, used 10212K [0x00000000e0000000, 0x00000000eb000000, 0x0000000100000000)
  eden space 125440K, 0% used [0x00000000e0000000,0x00000000e0000000,0x00000000e7a80000)
  from space 10240K, 99% used [0x00000000e7a80000,0x00000000e84793b8,0x00000000e8480000)
  to   space 14848K, 0% used [0x00000000ea180000,0x00000000ea180000,0x00000000eb000000)
 ParOldGen       total 107520K, used 12894K [0x00000000a0000000, 0x00000000a6900000, 0x00000000e0000000)
  object space 107520K, 11% used [0x00000000a0000000,0x00000000a0c97958,0x00000000a6900000)
 Metaspace       used 34440K, capacity 35156K, committed 35328K, reserved 1079296K
  class space    used 4811K, capacity 5050K, committed 5120K, reserved 1048576K
}
Event: 4.777 GC heap before
{Heap before GC invocations=7 (full 1):
 PSYoungGen      total 135680K, used 14868K [0x00000000e0000000, 0x00000000eb000000, 0x0000000100000000)
  eden space 125440K, 3% used [0x00000000e0000000,0x00000000e048bee0,0x00000000e7a80000)
  from space 10240K, 99% used [0x00000000e7a80000,0x00000000e84793b8,0x00000000e8480000)
  to   space 14848K, 0% used [0x00000000ea180000,0x00000000ea180000,0x00000000eb000000)
 ParOldGen       total 107520K, used 12894K [0x00000000a0000000, 0x00000000a6900000, 0x00000000e0000000)
  object space 107520K, 11% used [0x00000000a0000000,0x00000000a0c97958,0x00000000a6900000)
 Metaspace       used 34791K, capacity 35476K, committed 35496K, reserved 1079296K
  class space    used 4863K, capacity 5114K, committed 5120K, reserved 1048576K
Event: 4.784 GC heap after
Heap after GC invocations=7 (full 1):
 PSYoungGen      total 165888K, used 8064K [0x00000000e0000000, 0x00000000efb80000, 0x0000000100000000)
  eden space 151040K, 0% used [0x00000000e0000000,0x00000000e0000000,0x00000000e9380000)
  from space 14848K, 54% used [0x00000000ea180000,0x00000000ea960000,0x00000000eb000000)
  to   space 14336K, 0% used [0x00000000e9380000,0x00000000e9380000,0x00000000ea180000)
 ParOldGen       total 107520K, used 12902K [0x00000000a0000000, 0x00000000a6900000, 0x00000000e0000000)
  object space 107520K, 11% used [0x00000000a0000000,0x00000000a0c99958,0x00000000a6900000)
 Metaspace       used 34791K, capacity 35476K, committed 35496K, reserved 1079296K
  class space    used 4863K, capacity 5114K, committed 5120K, reserved 1048576K
}
Event: 4.784 GC heap before
{Heap before GC invocations=8 (full 2):
 PSYoungGen      total 165888K, used 8064K [0x00000000e0000000, 0x00000000efb80000, 0x0000000100000000)
  eden space 151040K, 0% used [0x00000000e0000000,0x00000000e0000000,0x00000000e9380000)
  from space 14848K, 54% used [0x00000000ea180000,0x00000000ea960000,0x00000000eb000000)
  to   space 14336K, 0% used [0x00000000e9380000,0x00000000e9380000,0x00000000ea180000)
 ParOldGen       total 107520K, used 12902K [0x00000000a0000000, 0x00000000a6900000, 0x00000000e0000000)
  object space 107520K, 11% used [0x00000000a0000000,0x00000000a0c99958,0x00000000a6900000)
 Metaspace       used 34791K, capacity 35476K, committed 35496K, reserved 1079296K
  class space    used 4863K, capacity 5114K, committed 5120K, reserved 1048576K
Event: 4.828 GC heap after
Heap after GC invocations=8 (full 2):
 PSYoungGen      total 165888K, used 0K [0x00000000e0000000, 0x00000000efb80000, 0x0000000100000000)
  eden space 151040K, 0% used [0x00000000e0000000,0x00000000e0000000,0x00000000e9380000)
  from space 14848K, 0% used [0x00000000ea180000,0x00000000ea180000,0x00000000eb000000)
  to   space 14336K, 0% used [0x00000000e9380000,0x00000000e9380000,0x00000000ea180000)
 ParOldGen       total 141824K, used 15225K [0x00000000a0000000, 0x00000000a8a80000, 0x00000000e0000000)
  object space 141824K, 10% used [0x00000000a0000000,0x00000000a0ede650,0x00000000a8a80000)
 Metaspace       used 34791K, capacity 35476K, committed 35496K, reserved 1079296K
  class space    used 4863K, capacity 5114K, committed 5120K, reserved 1048576K
}
Event: 6.330 GC heap before
{Heap before GC invocations=9 (full 2):
 PSYoungGen      total 165888K, used 151040K [0x00000000e0000000, 0x00000000efb80000, 0x0000000100000000)
  eden space 151040K, 100% used [0x00000000e0000000,0x00000000e9380000,0x00000000e9380000)
  from space 14848K, 0% used [0x00000000ea180000,0x00000000ea180000,0x00000000eb000000)
  to   space 14336K, 0% used [0x00000000e9380000,0x00000000e9380000,0x00000000ea180000)
 ParOldGen       total 141824K, used 15225K [0x00000000a0000000, 0x00000000a8a80000, 0x00000000e0000000)
  object space 141824K, 10% used [0x00000000a0000000,0x00000000a0ede650,0x00000000a8a80000)
 Metaspace       used 49166K, capacity 50236K, committed 50560K, reserved 1093632K
  class space    used 6630K, capacity 6955K, committed 7040K, reserved 1048576K
Event: 6.343 GC heap after
Heap after GC invocations=9 (full 2):
 PSYoungGen      total 165376K, used 14333K [0x00000000e0000000, 0x00000000f1a80000, 0x0000000100000000)
  eden space 151040K, 0% used [0x00000000e0000000,0x00000000e0000000,0x00000000e9380000)
  from space 14336K, 99% used [0x00000000e9380000,0x00000000ea17f658,0x00000000ea180000)
  to   space 18432K, 0% used [0x00000000f0880000,0x00000000f0880000,0x00000000f1a80000)
 ParOldGen       total 141824K, used 19848K [0x00000000a0000000, 0x00000000a8a80000, 0x00000000e0000000)
  object space 141824K, 13% used [0x00000000a0000000,0x00000000a1362038,0x00000000a8a80000)
 Metaspace       used 49166K, capacity 50236K, committed 50560K, reserved 1093632K
  class space    used 6630K, capacity 6955K, committed 7040K, reserved 1048576K
}

