# JRE version: OpenJDK Runtime Environment (8.0_152-b01) (build 1.8.0_152-release-1248-b01)
# Java VM: OpenJDK 64-Bit Server VM (25.152-b01 mixed mode windows-amd64 compressed oops)
Heap:
 PSYoungGen      total 406528K, used 98882K [0x00000000e0000000, 0x0000000100000000, 0x0000000100000000)
  eden space 366592K, 16% used [0x00000000e0000000,0x00000000e3995e28,0x00000000f6600000)
  from space 39936K, 99% used [0x00000000f6600000,0x00000000f8cfac58,0x00000000f8d00000)
  to   space 54784K, 0% used [0x00000000fca80000,0x00000000fca80000,0x0000000100000000)
 ParOldGen       total 191488K, used 68637K [0x00000000a0000000, 0x00000000abb00000, 0x00000000e0000000)
  object space 191488K, 35% used [0x00000000a0000000,0x00000000a4307568,0x00000000abb00000)
 Metaspace       used 77977K, capacity 81108K, committed 81456K, reserved 1120256K
  class space    used 9949K, capacity 10698K, committed 10800K, reserved 1048576K
GC Heap History (10 events):
Event: 15.737 GC heap before
{Heap before GC invocations=12 (full 3):
 PSYoungGen      total 270848K, used 252416K [0x00000000e0000000, 0x00000000f2280000, 0x0000000100000000)
  eden space 252416K, 100% used [0x00000000e0000000,0x00000000ef680000,0x00000000ef680000)
  from space 18432K, 0% used [0x00000000f0e80000,0x00000000f0e80000,0x00000000f2080000)
  to   space 22528K, 0% used [0x00000000ef680000,0x00000000ef680000,0x00000000f0c80000)
 ParOldGen       total 191488K, used 35556K [0x00000000a0000000, 0x00000000abb00000, 0x00000000e0000000)
  object space 191488K, 18% used [0x00000000a0000000,0x00000000a22b9068,0x00000000abb00000)
 Metaspace       used 62123K, capacity 63688K, committed 64048K, reserved 1103872K
  class space    used 8268K, capacity 8683K, committed 8752K, reserved 1048576K
Event: 15.775 GC heap after
Heap after GC invocations=12 (full 3):
 PSYoungGen      total 274944K, used 22502K [0x00000000e0000000, 0x00000000f7500000, 0x0000000100000000)
  eden space 252416K, 0% used [0x00000000e0000000,0x00000000e0000000,0x00000000ef680000)
  from space 22528K, 99% used [0x00000000ef680000,0x00000000f0c79850,0x00000000f0c80000)
  to   space 29184K, 0% used [0x00000000f5880000,0x00000000f5880000,0x00000000f7500000)
 ParOldGen       total 191488K, used 43517K [0x00000000a0000000, 0x00000000abb00000, 0x00000000e0000000)
  object space 191488K, 22% used [0x00000000a0000000,0x00000000a2a7f470,0x00000000abb00000)
 Metaspace       used 62123K, capacity 63688K, committed 64048K, reserved 1103872K
  class space    used 8268K, capacity 8683K, committed 8752K, reserved 1048576K
}
Event: 242.526 GC heap before
{Heap before GC invocations=13 (full 3):
 PSYoungGen      total 274944K, used 274918K [0x00000000e0000000, 0x00000000f7500000, 0x0000000100000000)
  eden space 252416K, 100% used [0x00000000e0000000,0x00000000ef680000,0x00000000ef680000)
  from space 22528K, 99% used [0x00000000ef680000,0x00000000f0c79850,0x00000000f0c80000)
  to   space 29184K, 0% used [0x00000000f5880000,0x00000000f5880000,0x00000000f7500000)
 ParOldGen       total 191488K, used 43517K [0x00000000a0000000, 0x00000000abb00000, 0x00000000e0000000)
  object space 191488K, 22% used [0x00000000a0000000,0x00000000a2a7f470,0x00000000abb00000)
 Metaspace       used 66984K, capacity 68746K, committed 68784K, reserved 1110016K
  class space    used 8665K, capacity 9131K, committed 9136K, reserved 1048576K
Event: 242.563 GC heap after
Heap after GC invocations=13 (full 3):
 PSYoungGen      total 337920K, used 24941K [0x00000000e0000000, 0x00000000f7100000, 0x0000000100000000)
  eden space 312832K, 0% used [0x00000000e0000000,0x00000000e0000000,0x00000000f3180000)
  from space 25088K, 99% used [0x00000000f5880000,0x00000000f70db598,0x00000000f7100000)
  to   space 31744K, 0% used [0x00000000f3300000,0x00000000f3300000,0x00000000f5200000)
 ParOldGen       total 191488K, used 43525K [0x00000000a0000000, 0x00000000abb00000, 0x00000000e0000000)
  object space 191488K, 22% used [0x00000000a0000000,0x00000000a2a81470,0x00000000abb00000)
 Metaspace       used 66984K, capacity 68746K, committed 68784K, reserved 1110016K
  class space    used 8665K, capacity 9131K, committed 9136K, reserved 1048576K
}
Event: 277.482 GC heap before
{Heap before GC invocations=14 (full 3):
 PSYoungGen      total 337920K, used 337773K [0x00000000e0000000, 0x00000000f7100000, 0x0000000100000000)
  eden space 312832K, 100% used [0x00000000e0000000,0x00000000f3180000,0x00000000f3180000)
  from space 25088K, 99% used [0x00000000f5880000,0x00000000f70db598,0x00000000f7100000)
  to   space 31744K, 0% used [0x00000000f3300000,0x00000000f3300000,0x00000000f5200000)
 ParOldGen       total 191488K, used 43525K [0x00000000a0000000, 0x00000000abb00000, 0x00000000e0000000)
  object space 191488K, 22% used [0x00000000a0000000,0x00000000a2a81470,0x00000000abb00000)
 Metaspace       used 70219K, capacity 72490K, committed 72752K, reserved 1112064K
  class space    used 9100K, capacity 9682K, committed 9776K, reserved 1048576K
Event: 277.503 GC heap after
Heap after GC invocations=14 (full 3):
 PSYoungGen      total 346112K, used 28485K [0x00000000e0000000, 0x00000000fb300000, 0x0000000100000000)
  eden space 314368K, 0% used [0x00000000e0000000,0x00000000e0000000,0x00000000f3300000)
  from space 31744K, 89% used [0x00000000f3300000,0x00000000f4ed16e0,0x00000000f5200000)
  to   space 34816K, 0% used [0x00000000f9100000,0x00000000f9100000,0x00000000fb300000)
 ParOldGen       total 191488K, used 43533K [0x00000000a0000000, 0x00000000abb00000, 0x00000000e0000000)
  object space 191488K, 22% used [0x00000000a0000000,0x00000000a2a83470,0x00000000abb00000)
 Metaspace       used 70219K, capacity 72490K, committed 72752K, reserved 1112064K
  class space    used 9100K, capacity 9682K, committed 9776K, reserved 1048576K
}
Event: 418.739 GC heap before
{Heap before GC invocations=15 (full 3):
 PSYoungGen      total 346112K, used 342853K [0x00000000e0000000, 0x00000000fb300000, 0x0000000100000000)
  eden space 314368K, 100% used [0x00000000e0000000,0x00000000f3300000,0x00000000f3300000)
  from space 31744K, 89% used [0x00000000f3300000,0x00000000f4ed16e0,0x00000000f5200000)
  to   space 34816K, 0% used [0x00000000f9100000,0x00000000f9100000,0x00000000fb300000)
 ParOldGen       total 191488K, used 43533K [0x00000000a0000000, 0x00000000abb00000, 0x00000000e0000000)
  object space 191488K, 22% used [0x00000000a0000000,0x00000000a2a83470,0x00000000abb00000)
 Metaspace       used 77326K, capacity 80362K, committed 80560K, reserved 1120256K
  class space    used 9904K, capacity 10635K, committed 10672K, reserved 1048576K
Event: 418.777 GC heap after
Heap after GC invocations=15 (full 3):
 PSYoungGen      total 401408K, used 34446K [0x00000000e0000000, 0x00000000fb400000, 0x0000000100000000)
  eden space 366592K, 0% used [0x00000000e0000000,0x00000000e0000000,0x00000000f6600000)
  from space 34816K, 98% used [0x00000000f9100000,0x00000000fb2a3980,0x00000000fb300000)
  to   space 39936K, 0% used [0x00000000f6600000,0x00000000f6600000,0x00000000f8d00000)
 ParOldGen       total 191488K, used 43541K [0x00000000a0000000, 0x00000000abb00000, 0x00000000e0000000)
  object space 191488K, 22% used [0x00000000a0000000,0x00000000a2a85470,0x00000000abb00000)
 Metaspace       used 77326K, capacity 80362K, committed 80560K, reserved 1120256K
  class space    used 9904K, capacity 10635K, committed 10672K, reserved 1048576K
}
Event: 429.663 GC heap before
{Heap before GC invocations=16 (full 3):
 PSYoungGen      total 401408K, used 401038K [0x00000000e0000000, 0x00000000fb400000, 0x0000000100000000)
  eden space 366592K, 100% used [0x00000000e0000000,0x00000000f6600000,0x00000000f6600000)
  from space 34816K, 98% used [0x00000000f9100000,0x00000000fb2a3980,0x00000000fb300000)
  to   space 39936K, 0% used [0x00000000f6600000,0x00000000f6600000,0x00000000f8d00000)
 ParOldGen       total 191488K, used 43541K [0x00000000a0000000, 0x00000000abb00000, 0x00000000e0000000)
  object space 191488K, 22% used [0x00000000a0000000,0x00000000a2a85470,0x00000000abb00000)
 Metaspace       used 77852K, capacity 80968K, committed 81200K, reserved 1120256K
  class space    used 9947K, capacity 10696K, committed 10800K, reserved 1048576K
Event: 429.713 GC heap after
Heap after GC invocations=16 (full 3):
 PSYoungGen      total 406528K, used 39915K [0x00000000e0000000, 0x0000000100000000, 0x0000000100000000)
  eden space 366592K, 0% used [0x00000000e0000000,0x00000000e0000000,0x00000000f6600000)
  from space 39936K, 99% used [0x00000000f6600000,0x00000000f8cfac58,0x00000000f8d00000)
  to   space 54784K, 0% used [0x00000000fca80000,0x00000000fca80000,0x0000000100000000)
 ParOldGen       total 191488K, used 68637K [0x00000000a0000000, 0x00000000abb00000, 0x00000000e0000000)
  object space 191488K, 35% used [0x00000000a0000000,0x00000000a4307568,0x00000000abb00000)
 Metaspace       used 77852K, capacity 80968K, committed 81200K, reserved 1120256K
  class space    used 9947K, capacity 10696K, committed 10800K, reserved 1048576K
}

