# JRE version: OpenJDK Runtime Environment (8.0_152-b01) (build 1.8.0_152-release-1248-b01)
# Java VM: OpenJDK 64-Bit Server VM (25.152-b01 mixed mode windows-amd64 compressed oops)
Heap:
 PSYoungGen      total 173568K, used 101224K [0x00000000e0000000, 0x00000000ec780000, 0x0000000100000000)
  eden space 154112K, 58% used [0x00000000e0000000,0x00000000e580b9a8,0x00000000e9680000)
  from space 19456K, 56% used [0x00000000e9680000,0x00000000ea14e698,0x00000000ea980000)
  to   space 18432K, 0% used [0x00000000eb580000,0x00000000eb580000,0x00000000ec780000)
 ParOldGen       total 175104K, used 31447K [0x00000000a0000000, 0x00000000aab00000, 0x00000000e0000000)
  object space 175104K, 17% used [0x00000000a0000000,0x00000000a1eb5de0,0x00000000aab00000)
 Metaspace       used 65852K, capacity 67982K, committed 68224K, reserved 1107968K
  class space    used 8699K, capacity 9246K, committed 9344K, reserved 1048576K
GC Heap History (10 events):
Event: 6.638 GC heap before
{Heap before GC invocations=10 (full 2):
 PSYoungGen      total 108544K, used 108529K [0x00000000e0000000, 0x00000000e9f80000, 0x0000000100000000)
  eden space 96256K, 100% used [0x00000000e0000000,0x00000000e5e00000,0x00000000e5e00000)
  from space 12288K, 99% used [0x00000000e5e00000,0x00000000e69fc6e0,0x00000000e6a00000)
  to   space 14848K, 0% used [0x00000000e9100000,0x00000000e9100000,0x00000000e9f80000)
 ParOldGen       total 175104K, used 19082K [0x00000000a0000000, 0x00000000aab00000, 0x00000000e0000000)
  object space 175104K, 10% used [0x00000000a0000000,0x00000000a12a2bf8,0x00000000aab00000)
 Metaspace       used 52639K, capacity 53802K, committed 53888K, reserved 1095680K
  class space    used 7122K, capacity 7470K, committed 7552K, reserved 1048576K
Event: 6.650 GC heap after
Heap after GC invocations=10 (full 2):
 PSYoungGen      total 145408K, used 14828K [0x00000000e0000000, 0x00000000ea680000, 0x0000000100000000)
  eden space 130560K, 0% used [0x00000000e0000000,0x00000000e0000000,0x00000000e7f80000)
  from space 14848K, 99% used [0x00000000e9100000,0x00000000e9f7b3e8,0x00000000e9f80000)
  to   space 17920K, 0% used [0x00000000e7f80000,0x00000000e7f80000,0x00000000e9100000)
 ParOldGen       total 175104K, used 22255K [0x00000000a0000000, 0x00000000aab00000, 0x00000000e0000000)
  object space 175104K, 12% used [0x00000000a0000000,0x00000000a15bbe78,0x00000000aab00000)
 Metaspace       used 52639K, capacity 53802K, committed 53888K, reserved 1095680K
  class space    used 7122K, capacity 7470K, committed 7552K, reserved 1048576K
}
Event: 7.401 GC heap before
{Heap before GC invocations=11 (full 2):
 PSYoungGen      total 145408K, used 91630K [0x00000000e0000000, 0x00000000ea680000, 0x0000000100000000)
  eden space 130560K, 58% used [0x00000000e0000000,0x00000000e4b00470,0x00000000e7f80000)
  from space 14848K, 99% used [0x00000000e9100000,0x00000000e9f7b3e8,0x00000000e9f80000)
  to   space 17920K, 0% used [0x00000000e7f80000,0x00000000e7f80000,0x00000000e9100000)
 ParOldGen       total 175104K, used 22255K [0x00000000a0000000, 0x00000000aab00000, 0x00000000e0000000)
  object space 175104K, 12% used [0x00000000a0000000,0x00000000a15bbe78,0x00000000aab00000)
 Metaspace       used 57359K, capacity 58974K, committed 59136K, reserved 1099776K
  class space    used 7906K, capacity 8340K, committed 8448K, reserved 1048576K
Event: 7.415 GC heap after
Heap after GC invocations=11 (full 2):
 PSYoungGen      total 148480K, used 17481K [0x00000000e0000000, 0x00000000ec780000, 0x0000000100000000)
  eden space 130560K, 0% used [0x00000000e0000000,0x00000000e0000000,0x00000000e7f80000)
  from space 17920K, 97% used [0x00000000e7f80000,0x00000000e90924a8,0x00000000e9100000)
  to   space 19968K, 0% used [0x00000000eb400000,0x00000000eb400000,0x00000000ec780000)
 ParOldGen       total 175104K, used 22263K [0x00000000a0000000, 0x00000000aab00000, 0x00000000e0000000)
  object space 175104K, 12% used [0x00000000a0000000,0x00000000a15bde78,0x00000000aab00000)
 Metaspace       used 57359K, capacity 58974K, committed 59136K, reserved 1099776K
  class space    used 7906K, capacity 8340K, committed 8448K, reserved 1048576K
}
Event: 7.415 GC heap before
{Heap before GC invocations=12 (full 3):
 PSYoungGen      total 148480K, used 17481K [0x00000000e0000000, 0x00000000ec780000, 0x0000000100000000)
  eden space 130560K, 0% used [0x00000000e0000000,0x00000000e0000000,0x00000000e7f80000)
  from space 17920K, 97% used [0x00000000e7f80000,0x00000000e90924a8,0x00000000e9100000)
  to   space 19968K, 0% used [0x00000000eb400000,0x00000000eb400000,0x00000000ec780000)
 ParOldGen       total 175104K, used 22263K [0x00000000a0000000, 0x00000000aab00000, 0x00000000e0000000)
  object space 175104K, 12% used [0x00000000a0000000,0x00000000a15bde78,0x00000000aab00000)
 Metaspace       used 57359K, capacity 58974K, committed 59136K, reserved 1099776K
  class space    used 7906K, capacity 8340K, committed 8448K, reserved 1048576K
Event: 7.618 GC heap after
Heap after GC invocations=12 (full 3):
 PSYoungGen      total 148480K, used 0K [0x00000000e0000000, 0x00000000ec780000, 0x0000000100000000)
  eden space 130560K, 0% used [0x00000000e0000000,0x00000000e0000000,0x00000000e7f80000)
  from space 17920K, 0% used [0x00000000e7f80000,0x00000000e7f80000,0x00000000e9100000)
  to   space 19968K, 0% used [0x00000000eb400000,0x00000000eb400000,0x00000000ec780000)
 ParOldGen       total 175104K, used 31431K [0x00000000a0000000, 0x00000000aab00000, 0x00000000e0000000)
  object space 175104K, 17% used [0x00000000a0000000,0x00000000a1eb1de0,0x00000000aab00000)
 Metaspace       used 57359K, capacity 58974K, committed 59136K, reserved 1099776K
  class space    used 7906K, capacity 8340K, committed 8448K, reserved 1048576K
}
Event: 9.327 GC heap before
{Heap before GC invocations=13 (full 3):
 PSYoungGen      total 148480K, used 130560K [0x00000000e0000000, 0x00000000ec780000, 0x0000000100000000)
  eden space 130560K, 100% used [0x00000000e0000000,0x00000000e7f80000,0x00000000e7f80000)
  from space 17920K, 0% used [0x00000000e7f80000,0x00000000e7f80000,0x00000000e9100000)
  to   space 19968K, 0% used [0x00000000eb400000,0x00000000eb400000,0x00000000ec780000)
 ParOldGen       total 175104K, used 31431K [0x00000000a0000000, 0x00000000aab00000, 0x00000000e0000000)
  object space 175104K, 17% used [0x00000000a0000000,0x00000000a1eb1de0,0x00000000aab00000)
 Metaspace       used 62682K, capacity 64530K, committed 64768K, reserved 1105920K
  class space    used 8370K, capacity 8854K, committed 8960K, reserved 1048576K
Event: 9.338 GC heap after
Heap after GC invocations=13 (full 3):
 PSYoungGen      total 158208K, used 8684K [0x00000000e0000000, 0x00000000ebc80000, 0x0000000100000000)
  eden space 149504K, 0% used [0x00000000e0000000,0x00000000e0000000,0x00000000e9200000)
  from space 8704K, 99% used [0x00000000eb400000,0x00000000ebc7b2d0,0x00000000ebc80000)
  to   space 19456K, 0% used [0x00000000e9680000,0x00000000e9680000,0x00000000ea980000)
 ParOldGen       total 175104K, used 31439K [0x00000000a0000000, 0x00000000aab00000, 0x00000000e0000000)
  object space 175104K, 17% used [0x00000000a0000000,0x00000000a1eb3de0,0x00000000aab00000)
 Metaspace       used 62682K, capacity 64530K, committed 64768K, reserved 1105920K
  class space    used 8370K, capacity 8854K, committed 8960K, reserved 1048576K
}
Event: 14.111 GC heap before
{Heap before GC invocations=14 (full 3):
 PSYoungGen      total 158208K, used 158188K [0x00000000e0000000, 0x00000000ebc80000, 0x0000000100000000)
  eden space 149504K, 100% used [0x00000000e0000000,0x00000000e9200000,0x00000000e9200000)
  from space 8704K, 99% used [0x00000000eb400000,0x00000000ebc7b2d0,0x00000000ebc80000)
  to   space 19456K, 0% used [0x00000000e9680000,0x00000000e9680000,0x00000000ea980000)
 ParOldGen       total 175104K, used 31439K [0x00000000a0000000, 0x00000000aab00000, 0x00000000e0000000)
  object space 175104K, 17% used [0x00000000a0000000,0x00000000a1eb3de0,0x00000000aab00000)
 Metaspace       used 64648K, capacity 66740K, committed 67072K, reserved 1107968K
  class space    used 8595K, capacity 9135K, committed 9216K, reserved 1048576K
Event: 14.123 GC heap after
Heap after GC invocations=14 (full 3):
 PSYoungGen      total 173568K, used 11065K [0x00000000e0000000, 0x00000000ec780000, 0x0000000100000000)
  eden space 154112K, 0% used [0x00000000e0000000,0x00000000e0000000,0x00000000e9680000)
  from space 19456K, 56% used [0x00000000e9680000,0x00000000ea14e698,0x00000000ea980000)
  to   space 18432K, 0% used [0x00000000eb580000,0x00000000eb580000,0x00000000ec780000)
 ParOldGen       total 175104K, used 31447K [0x00000000a0000000, 0x00000000aab00000, 0x00000000e0000000)
  object space 175104K, 17% used [0x00000000a0000000,0x00000000a1eb5de0,0x00000000aab00000)
 Metaspace       used 64648K, capacity 66740K, committed 67072K, reserved 1107968K
  class space    used 8595K, capacity 9135K, committed 9216K, reserved 1048576K
}

