# JRE version: OpenJDK Runtime Environment (8.0_152-b01) (build 1.8.0_152-release-1248-b01)
# Java VM: OpenJDK 64-Bit Server VM (25.152-b01 mixed mode windows-amd64 compressed oops)
Heap:
 PSYoungGen      total 108032K, used 29347K [0x00000000e0000000, 0x00000000e9d00000, 0x0000000100000000)
  eden space 96256K, 18% used [0x00000000e0000000,0x00000000e112e8b0,0x00000000e5e00000)
  from space 11776K, 99% used [0x00000000e5e00000,0x00000000e697a628,0x00000000e6980000)
  to   space 14336K, 0% used [0x00000000e8f00000,0x00000000e8f00000,0x00000000e9d00000)
 ParOldGen       total 176640K, used 19162K [0x00000000a0000000, 0x00000000aac80000, 0x00000000e0000000)
  object space 176640K, 10% used [0x00000000a0000000,0x00000000a12b6a60,0x00000000aac80000)
 Metaspace       used 44548K, capacity 45416K, committed 45616K, reserved 1089536K
  class space    used 6093K, capacity 6393K, committed 6448K, reserved 1048576K
GC Heap History (10 events):
Event: 4.374 GC heap before
{Heap before GC invocations=5 (full 1):
 PSYoungGen      total 74752K, used 64512K [0x00000000e0000000, 0x00000000e5300000, 0x0000000100000000)
  eden space 64512K, 100% used [0x00000000e0000000,0x00000000e3f00000,0x00000000e3f00000)
  from space 10240K, 0% used [0x00000000e3f00000,0x00000000e3f00000,0x00000000e4900000)
  to   space 10240K, 0% used [0x00000000e4900000,0x00000000e4900000,0x00000000e5300000)
 ParOldGen       total 108544K, used 10014K [0x00000000a0000000, 0x00000000a6a00000, 0x00000000e0000000)
  object space 108544K, 9% used [0x00000000a0000000,0x00000000a09c79b8,0x00000000a6a00000)
 Metaspace       used 27097K, capacity 27664K, committed 27696K, reserved 1073152K
  class space    used 3684K, capacity 3876K, committed 3888K, reserved 1048576K
Event: 4.382 GC heap after
Heap after GC invocations=5 (full 1):
 PSYoungGen      total 74752K, used 6974K [0x00000000e0000000, 0x00000000e7200000, 0x0000000100000000)
  eden space 64512K, 0% used [0x00000000e0000000,0x00000000e0000000,0x00000000e3f00000)
  from space 10240K, 68% used [0x00000000e4900000,0x00000000e4fcfa08,0x00000000e5300000)
  to   space 10240K, 0% used [0x00000000e3f00000,0x00000000e3f00000,0x00000000e4900000)
 ParOldGen       total 108544K, used 10022K [0x00000000a0000000, 0x00000000a6a00000, 0x00000000e0000000)
  object space 108544K, 9% used [0x00000000a0000000,0x00000000a09c99b8,0x00000000a6a00000)
 Metaspace       used 27097K, capacity 27664K, committed 27696K, reserved 1073152K
  class space    used 3684K, capacity 3876K, committed 3888K, reserved 1048576K
}
Event: 4.885 GC heap before
{Heap before GC invocations=6 (full 1):
 PSYoungGen      total 74752K, used 71486K [0x00000000e0000000, 0x00000000e7200000, 0x0000000100000000)
  eden space 64512K, 100% used [0x00000000e0000000,0x00000000e3f00000,0x00000000e3f00000)
  from space 10240K, 68% used [0x00000000e4900000,0x00000000e4fcfa08,0x00000000e5300000)
  to   space 10240K, 0% used [0x00000000e3f00000,0x00000000e3f00000,0x00000000e4900000)
 ParOldGen       total 108544K, used 10022K [0x00000000a0000000, 0x00000000a6a00000, 0x00000000e0000000)
  object space 108544K, 9% used [0x00000000a0000000,0x00000000a09c99b8,0x00000000a6a00000)
 Metaspace       used 30409K, capacity 30908K, committed 31152K, reserved 1075200K
  class space    used 4225K, capacity 4423K, committed 4528K, reserved 1048576K
Event: 4.891 GC heap after
Heap after GC invocations=6 (full 1):
 PSYoungGen      total 74752K, used 8344K [0x00000000e0000000, 0x00000000e7500000, 0x0000000100000000)
  eden space 64512K, 0% used [0x00000000e0000000,0x00000000e0000000,0x00000000e3f00000)
  from space 10240K, 81% used [0x00000000e3f00000,0x00000000e4726268,0x00000000e4900000)
  to   space 11776K, 0% used [0x00000000e6980000,0x00000000e6980000,0x00000000e7500000)
 ParOldGen       total 108544K, used 10030K [0x00000000a0000000, 0x00000000a6a00000, 0x00000000e0000000)
  object space 108544K, 9% used [0x00000000a0000000,0x00000000a09cb9b8,0x00000000a6a00000)
 Metaspace       used 30409K, capacity 30908K, committed 31152K, reserved 1075200K
  class space    used 4225K, capacity 4423K, committed 4528K, reserved 1048576K
}
Event: 5.511 GC heap before
{Heap before GC invocations=7 (full 1):
 PSYoungGen      total 74752K, used 45351K [0x00000000e0000000, 0x00000000e7500000, 0x0000000100000000)
  eden space 64512K, 57% used [0x00000000e0000000,0x00000000e2423c98,0x00000000e3f00000)
  from space 10240K, 81% used [0x00000000e3f00000,0x00000000e4726268,0x00000000e4900000)
  to   space 11776K, 0% used [0x00000000e6980000,0x00000000e6980000,0x00000000e7500000)
 ParOldGen       total 108544K, used 10030K [0x00000000a0000000, 0x00000000a6a00000, 0x00000000e0000000)
  object space 108544K, 9% used [0x00000000a0000000,0x00000000a09cb9b8,0x00000000a6a00000)
 Metaspace       used 34735K, capacity 35326K, committed 35496K, reserved 1079296K
  class space    used 4841K, capacity 5065K, committed 5168K, reserved 1048576K
Event: 5.524 GC heap after
Heap after GC invocations=7 (full 1):
 PSYoungGen      total 108032K, used 9668K [0x00000000e0000000, 0x00000000e7900000, 0x0000000100000000)
  eden space 96256K, 0% used [0x00000000e0000000,0x00000000e0000000,0x00000000e5e00000)
  from space 11776K, 82% used [0x00000000e6980000,0x00000000e72f1200,0x00000000e7500000)
  to   space 11776K, 0% used [0x00000000e5e00000,0x00000000e5e00000,0x00000000e6980000)
 ParOldGen       total 108544K, used 10038K [0x00000000a0000000, 0x00000000a6a00000, 0x00000000e0000000)
  object space 108544K, 9% used [0x00000000a0000000,0x00000000a09cd9b8,0x00000000a6a00000)
 Metaspace       used 34735K, capacity 35326K, committed 35496K, reserved 1079296K
  class space    used 4841K, capacity 5065K, committed 5168K, reserved 1048576K
}
Event: 5.524 GC heap before
{Heap before GC invocations=8 (full 2):
 PSYoungGen      total 108032K, used 9668K [0x00000000e0000000, 0x00000000e7900000, 0x0000000100000000)
  eden space 96256K, 0% used [0x00000000e0000000,0x00000000e0000000,0x00000000e5e00000)
  from space 11776K, 82% used [0x00000000e6980000,0x00000000e72f1200,0x00000000e7500000)
  to   space 11776K, 0% used [0x00000000e5e00000,0x00000000e5e00000,0x00000000e6980000)
 ParOldGen       total 108544K, used 10038K [0x00000000a0000000, 0x00000000a6a00000, 0x00000000e0000000)
  object space 108544K, 9% used [0x00000000a0000000,0x00000000a09cd9b8,0x00000000a6a00000)
 Metaspace       used 34735K, capacity 35326K, committed 35496K, reserved 1079296K
  class space    used 4841K, capacity 5065K, committed 5168K, reserved 1048576K
Event: 5.586 GC heap after
Heap after GC invocations=8 (full 2):
 PSYoungGen      total 108032K, used 0K [0x00000000e0000000, 0x00000000e7900000, 0x0000000100000000)
  eden space 96256K, 0% used [0x00000000e0000000,0x00000000e0000000,0x00000000e5e00000)
  from space 11776K, 0% used [0x00000000e6980000,0x00000000e6980000,0x00000000e7500000)
  to   space 11776K, 0% used [0x00000000e5e00000,0x00000000e5e00000,0x00000000e6980000)
 ParOldGen       total 176640K, used 16532K [0x00000000a0000000, 0x00000000aac80000, 0x00000000e0000000)
  object space 176640K, 9% used [0x00000000a0000000,0x00000000a1025378,0x00000000aac80000)
 Metaspace       used 34735K, capacity 35326K, committed 35496K, reserved 1079296K
  class space    used 4841K, capacity 5065K, committed 5168K, reserved 1048576K
}
Event: 6.835 GC heap before
{Heap before GC invocations=9 (full 2):
 PSYoungGen      total 108032K, used 96256K [0x00000000e0000000, 0x00000000e7900000, 0x0000000100000000)
  eden space 96256K, 100% used [0x00000000e0000000,0x00000000e5e00000,0x00000000e5e00000)
  from space 11776K, 0% used [0x00000000e6980000,0x00000000e6980000,0x00000000e7500000)
  to   space 11776K, 0% used [0x00000000e5e00000,0x00000000e5e00000,0x00000000e6980000)
 ParOldGen       total 176640K, used 16532K [0x00000000a0000000, 0x00000000aac80000, 0x00000000e0000000)
  object space 176640K, 9% used [0x00000000a0000000,0x00000000a1025378,0x00000000aac80000)
 Metaspace       used 43154K, capacity 44026K, committed 44336K, reserved 1087488K
  class space    used 5860K, capacity 6156K, committed 6192K, reserved 1048576K
Event: 6.850 GC heap after
Heap after GC invocations=9 (full 2):
 PSYoungGen      total 108032K, used 11753K [0x00000000e0000000, 0x00000000e9d00000, 0x0000000100000000)
  eden space 96256K, 0% used [0x00000000e0000000,0x00000000e0000000,0x00000000e5e00000)
  from space 11776K, 99% used [0x00000000e5e00000,0x00000000e697a628,0x00000000e6980000)
  to   space 14336K, 0% used [0x00000000e8f00000,0x00000000e8f00000,0x00000000e9d00000)
 ParOldGen       total 176640K, used 19162K [0x00000000a0000000, 0x00000000aac80000, 0x00000000e0000000)
  object space 176640K, 10% used [0x00000000a0000000,0x00000000a12b6a60,0x00000000aac80000)
 Metaspace       used 43154K, capacity 44026K, committed 44336K, reserved 1087488K
  class space    used 5860K, capacity 6156K, committed 6192K, reserved 1048576K
}

