# JRE version: OpenJDK Runtime Environment (8.0_152-b01) (build 1.8.0_152-release-1248-b01)
# Java VM: OpenJDK 64-Bit Server VM (25.152-b01 mixed mode windows-amd64 compressed oops)
Heap:
 PSYoungGen      total 74752K, used 23118K [0x00000000e0000000, 0x00000000e5300000, 0x0000000100000000)
  eden space 64512K, 20% used [0x00000000e0000000,0x00000000e0c9a168,0x00000000e3f00000)
  from space 10240K, 99% used [0x00000000e4900000,0x00000000e52f99e8,0x00000000e5300000)
  to   space 10240K, 55% used [0x00000000e3f00000,0x00000000e4480020,0x00000000e4900000)
 ParOldGen       total 171008K, used 481K [0x00000000a0000000, 0x00000000aa700000, 0x00000000e0000000)
  object space 171008K, 0% used [0x00000000a0000000,0x00000000a0078460,0x00000000aa700000)
 Metaspace       used 17039K, capacity 17430K, committed 17536K, reserved 1069056K
  class space    used 2455K, capacity 2619K, committed 2688K, reserved 1048576K
GC Heap History (5 events):
Event: 0.851 GC heap before
{Heap before GC invocations=1 (full 0):
 PSYoungGen      total 74752K, used 64512K [0x00000000e0000000, 0x00000000e5300000, 0x0000000100000000)
  eden space 64512K, 100% used [0x00000000e0000000,0x00000000e3f00000,0x00000000e3f00000)
  from space 10240K, 0% used [0x00000000e4900000,0x00000000e4900000,0x00000000e5300000)
  to   space 10240K, 0% used [0x00000000e3f00000,0x00000000e3f00000,0x00000000e4900000)
 ParOldGen       total 171008K, used 0K [0x00000000a0000000, 0x00000000aa700000, 0x00000000e0000000)
  object space 171008K, 0% used [0x00000000a0000000,0x00000000a0000000,0x00000000aa700000)
 Metaspace       used 9059K, capacity 9320K, committed 9600K, reserved 1056768K
  class space    used 1209K, capacity 1296K, committed 1408K, reserved 1048576K
Event: 0.857 GC heap after
Heap after GC invocations=1 (full 0):
 PSYoungGen      total 74752K, used 7016K [0x00000000e0000000, 0x00000000e5300000, 0x0000000100000000)
  eden space 64512K, 0% used [0x00000000e0000000,0x00000000e0000000,0x00000000e3f00000)
  from space 10240K, 68% used [0x00000000e3f00000,0x00000000e45da2e0,0x00000000e4900000)
  to   space 10240K, 0% used [0x00000000e4900000,0x00000000e4900000,0x00000000e5300000)
 ParOldGen       total 171008K, used 16K [0x00000000a0000000, 0x00000000aa700000, 0x00000000e0000000)
  object space 171008K, 0% used [0x00000000a0000000,0x00000000a0004000,0x00000000aa700000)
 Metaspace       used 9059K, capacity 9320K, committed 9600K, reserved 1056768K
  class space    used 1209K, capacity 1296K, committed 1408K, reserved 1048576K
}
Event: 2.663 GC heap before
{Heap before GC invocations=2 (full 0):
 PSYoungGen      total 74752K, used 71528K [0x00000000e0000000, 0x00000000e5300000, 0x0000000100000000)
  eden space 64512K, 100% used [0x00000000e0000000,0x00000000e3f00000,0x00000000e3f00000)
  from space 10240K, 68% used [0x00000000e3f00000,0x00000000e45da2e0,0x00000000e4900000)
  to   space 10240K, 0% used [0x00000000e4900000,0x00000000e4900000,0x00000000e5300000)
 ParOldGen       total 171008K, used 16K [0x00000000a0000000, 0x00000000aa700000, 0x00000000e0000000)
  object space 171008K, 0% used [0x00000000a0000000,0x00000000a0004000,0x00000000aa700000)
 Metaspace       used 16116K, capacity 16534K, committed 16768K, reserved 1062912K
  class space    used 2298K, capacity 2427K, committed 2432K, reserved 1048576K
Event: 2.674 GC heap after
Heap after GC invocations=2 (full 0):
 PSYoungGen      total 74752K, used 10214K [0x00000000e0000000, 0x00000000e5300000, 0x0000000100000000)
  eden space 64512K, 0% used [0x00000000e0000000,0x00000000e0000000,0x00000000e3f00000)
  from space 10240K, 99% used [0x00000000e4900000,0x00000000e52f99e8,0x00000000e5300000)
  to   space 10240K, 0% used [0x00000000e3f00000,0x00000000e3f00000,0x00000000e4900000)
 ParOldGen       total 171008K, used 473K [0x00000000a0000000, 0x00000000aa700000, 0x00000000e0000000)
  object space 171008K, 0% used [0x00000000a0000000,0x00000000a0076460,0x00000000aa700000)
 Metaspace       used 16116K, capacity 16534K, committed 16768K, reserved 1062912K
  class space    used 2298K, capacity 2427K, committed 2432K, reserved 1048576K
}
Event: 2.777 GC heap before
{Heap before GC invocations=3 (full 0):
 PSYoungGen      total 74752K, used 23118K [0x00000000e0000000, 0x00000000e5300000, 0x0000000100000000)
  eden space 64512K, 20% used [0x00000000e0000000,0x00000000e0c9a088,0x00000000e3f00000)
  from space 10240K, 99% used [0x00000000e4900000,0x00000000e52f99e8,0x00000000e5300000)
  to   space 10240K, 0% used [0x00000000e3f00000,0x00000000e3f00000,0x00000000e4900000)
 ParOldGen       total 171008K, used 473K [0x00000000a0000000, 0x00000000aa700000, 0x00000000e0000000)
  object space 171008K, 0% used [0x00000000a0000000,0x00000000a0076460,0x00000000aa700000)
 Metaspace       used 17039K, capacity 17430K, committed 17536K, reserved 1069056K
  class space    used 2455K, capacity 2619K, committed 2688K, reserved 1048576K

