# JRE version: OpenJDK Runtime Environment (8.0_152-b01) (build 1.8.0_152-release-1248-b01)
# Java VM: OpenJDK 64-Bit Server VM (25.152-b01 mixed mode windows-amd64 compressed oops)
Heap:
 PSYoungGen      total 166400K, used 42130K [0x00000000e0000000, 0x00000000eba80000, 0x0000000100000000)
  eden space 150016K, 17% used [0x00000000e0000000,0x00000000e1947260,0x00000000e9280000)
  from space 16384K, 99% used [0x00000000e9580000,0x00000000ea55d748,0x00000000ea580000)
  to   space 20480K, 0% used [0x00000000ea680000,0x00000000ea680000,0x00000000eba80000)
 ParOldGen       total 256000K, used 30285K [0x00000000a0000000, 0x00000000afa00000, 0x00000000e0000000)
  object space 256000K, 11% used [0x00000000a0000000,0x00000000a1d935c8,0x00000000afa00000)
 Metaspace       used 74674K, capacity 77476K, committed 77656K, reserved 1116160K
  class space    used 9607K, capacity 10280K, committed 10368K, reserved 1048576K
GC Heap History (10 events):
Event: 56.839 GC heap before
{Heap before GC invocations=14 (full 3):
 PSYoungGen      total 160256K, used 160252K [0x00000000e0000000, 0x00000000ec380000, 0x0000000100000000)
  eden space 149504K, 100% used [0x00000000e0000000,0x00000000e9200000,0x00000000e9200000)
  from space 10752K, 99% used [0x00000000eb900000,0x00000000ec37f060,0x00000000ec380000)
  to   space 18944K, 0% used [0x00000000e9e80000,0x00000000e9e80000,0x00000000eb100000)
 ParOldGen       total 256000K, used 30245K [0x00000000a0000000, 0x00000000afa00000, 0x00000000e0000000)
  object space 256000K, 11% used [0x00000000a0000000,0x00000000a1d895c8,0x00000000afa00000)
 Metaspace       used 67191K, capacity 69038K, committed 69208K, reserved 1110016K
  class space    used 8953K, capacity 9476K, committed 9600K, reserved 1048576K
Event: 56.853 GC heap after
Heap after GC invocations=14 (full 3):
 PSYoungGen      total 181248K, used 12115K [0x00000000e0000000, 0x00000000ec780000, 0x0000000100000000)
  eden space 162304K, 0% used [0x00000000e0000000,0x00000000e0000000,0x00000000e9e80000)
  from space 18944K, 63% used [0x00000000e9e80000,0x00000000eaa54d18,0x00000000eb100000)
  to   space 18432K, 0% used [0x00000000eb580000,0x00000000eb580000,0x00000000ec780000)
 ParOldGen       total 256000K, used 30253K [0x00000000a0000000, 0x00000000afa00000, 0x00000000e0000000)
  object space 256000K, 11% used [0x00000000a0000000,0x00000000a1d8b5c8,0x00000000afa00000)
 Metaspace       used 67191K, capacity 69038K, committed 69208K, reserved 1110016K
  class space    used 8953K, capacity 9476K, committed 9600K, reserved 1048576K
}
Event: 1647.531 GC heap before
{Heap before GC invocations=15 (full 3):
 PSYoungGen      total 181248K, used 174419K [0x00000000e0000000, 0x00000000ec780000, 0x0000000100000000)
  eden space 162304K, 100% used [0x00000000e0000000,0x00000000e9e80000,0x00000000e9e80000)
  from space 18944K, 63% used [0x00000000e9e80000,0x00000000eaa54d18,0x00000000eb100000)
  to   space 18432K, 0% used [0x00000000eb580000,0x00000000eb580000,0x00000000ec780000)
 ParOldGen       total 256000K, used 30253K [0x00000000a0000000, 0x00000000afa00000, 0x00000000e0000000)
  object space 256000K, 11% used [0x00000000a0000000,0x00000000a1d8b5c8,0x00000000afa00000)
 Metaspace       used 71819K, capacity 73996K, committed 74200K, reserved 1114112K
  class space    used 9349K, capacity 9878K, committed 9984K, reserved 1048576K
Event: 1647.544 GC heap after
Heap after GC invocations=15 (full 3):
 PSYoungGen      total 176640K, used 17082K [0x00000000e0000000, 0x00000000ec680000, 0x0000000100000000)
  eden space 159232K, 0% used [0x00000000e0000000,0x00000000e0000000,0x00000000e9b80000)
  from space 17408K, 98% used [0x00000000eb580000,0x00000000ec62ebe8,0x00000000ec680000)
  to   space 19968K, 0% used [0x00000000e9f80000,0x00000000e9f80000,0x00000000eb300000)
 ParOldGen       total 256000K, used 30261K [0x00000000a0000000, 0x00000000afa00000, 0x00000000e0000000)
  object space 256000K, 11% used [0x00000000a0000000,0x00000000a1d8d5c8,0x00000000afa00000)
 Metaspace       used 71819K, capacity 73996K, committed 74200K, reserved 1114112K
  class space    used 9349K, capacity 9878K, committed 9984K, reserved 1048576K
}
Event: 1670.687 GC heap before
{Heap before GC invocations=16 (full 3):
 PSYoungGen      total 176640K, used 176314K [0x00000000e0000000, 0x00000000ec680000, 0x0000000100000000)
  eden space 159232K, 100% used [0x00000000e0000000,0x00000000e9b80000,0x00000000e9b80000)
  from space 17408K, 98% used [0x00000000eb580000,0x00000000ec62ebe8,0x00000000ec680000)
  to   space 19968K, 0% used [0x00000000e9f80000,0x00000000e9f80000,0x00000000eb300000)
 ParOldGen       total 256000K, used 30261K [0x00000000a0000000, 0x00000000afa00000, 0x00000000e0000000)
  object space 256000K, 11% used [0x00000000a0000000,0x00000000a1d8d5c8,0x00000000afa00000)
 Metaspace       used 72632K, capacity 75102K, committed 75352K, reserved 1114112K
  class space    used 9408K, capacity 10008K, committed 10112K, reserved 1048576K
Event: 1670.707 GC heap after
Heap after GC invocations=16 (full 3):
 PSYoungGen      total 171520K, used 14880K [0x00000000e0000000, 0x00000000ec080000, 0x0000000100000000)
  eden space 156160K, 0% used [0x00000000e0000000,0x00000000e0000000,0x00000000e9880000)
  from space 15360K, 96% used [0x00000000e9f80000,0x00000000eae082c8,0x00000000eae80000)
  to   space 18432K, 0% used [0x00000000eae80000,0x00000000eae80000,0x00000000ec080000)
 ParOldGen       total 256000K, used 30269K [0x00000000a0000000, 0x00000000afa00000, 0x00000000e0000000)
  object space 256000K, 11% used [0x00000000a0000000,0x00000000a1d8f5c8,0x00000000afa00000)
 Metaspace       used 72632K, capacity 75102K, committed 75352K, reserved 1114112K
  class space    used 9408K, capacity 10008K, committed 10112K, reserved 1048576K
}
Event: 1701.373 GC heap before
{Heap before GC invocations=17 (full 3):
 PSYoungGen      total 171520K, used 171040K [0x00000000e0000000, 0x00000000ec080000, 0x0000000100000000)
  eden space 156160K, 100% used [0x00000000e0000000,0x00000000e9880000,0x00000000e9880000)
  from space 15360K, 96% used [0x00000000e9f80000,0x00000000eae082c8,0x00000000eae80000)
  to   space 18432K, 0% used [0x00000000eae80000,0x00000000eae80000,0x00000000ec080000)
 ParOldGen       total 256000K, used 30269K [0x00000000a0000000, 0x00000000afa00000, 0x00000000e0000000)
  object space 256000K, 11% used [0x00000000a0000000,0x00000000a1d8f5c8,0x00000000afa00000)
 Metaspace       used 73213K, capacity 75898K, committed 76120K, reserved 1116160K
  class space    used 9455K, capacity 10103K, committed 10112K, reserved 1048576K
Event: 1701.500 GC heap after
Heap after GC invocations=17 (full 3):
 PSYoungGen      total 167424K, used 12982K [0x00000000e0000000, 0x00000000ebc80000, 0x0000000100000000)
  eden space 153088K, 0% used [0x00000000e0000000,0x00000000e0000000,0x00000000e9580000)
  from space 14336K, 90% used [0x00000000eae80000,0x00000000ebb2da20,0x00000000ebc80000)
  to   space 19968K, 0% used [0x00000000e9580000,0x00000000e9580000,0x00000000ea900000)
 ParOldGen       total 256000K, used 30277K [0x00000000a0000000, 0x00000000afa00000, 0x00000000e0000000)
  object space 256000K, 11% used [0x00000000a0000000,0x00000000a1d915c8,0x00000000afa00000)
 Metaspace       used 73213K, capacity 75898K, committed 76120K, reserved 1116160K
  class space    used 9455K, capacity 10103K, committed 10112K, reserved 1048576K
}
Event: 1859.200 GC heap before
{Heap before GC invocations=18 (full 3):
 PSYoungGen      total 167424K, used 166070K [0x00000000e0000000, 0x00000000ebc80000, 0x0000000100000000)
  eden space 153088K, 100% used [0x00000000e0000000,0x00000000e9580000,0x00000000e9580000)
  from space 14336K, 90% used [0x00000000eae80000,0x00000000ebb2da20,0x00000000ebc80000)
  to   space 19968K, 0% used [0x00000000e9580000,0x00000000e9580000,0x00000000ea900000)
 ParOldGen       total 256000K, used 30277K [0x00000000a0000000, 0x00000000afa00000, 0x00000000e0000000)
  object space 256000K, 11% used [0x00000000a0000000,0x00000000a1d915c8,0x00000000afa00000)
 Metaspace       used 73888K, capacity 76744K, committed 77016K, reserved 1116160K
  class space    used 9521K, capacity 10206K, committed 10240K, reserved 1048576K
Event: 1859.214 GC heap after
Heap after GC invocations=18 (full 3):
 PSYoungGen      total 166400K, used 16245K [0x00000000e0000000, 0x00000000eba80000, 0x0000000100000000)
  eden space 150016K, 0% used [0x00000000e0000000,0x00000000e0000000,0x00000000e9280000)
  from space 16384K, 99% used [0x00000000e9580000,0x00000000ea55d748,0x00000000ea580000)
  to   space 20480K, 0% used [0x00000000ea680000,0x00000000ea680000,0x00000000eba80000)
 ParOldGen       total 256000K, used 30285K [0x00000000a0000000, 0x00000000afa00000, 0x00000000e0000000)
  object space 256000K, 11% used [0x00000000a0000000,0x00000000a1d935c8,0x00000000afa00000)
 Metaspace       used 73888K, capacity 76744K, committed 77016K, reserved 1116160K
  class space    used 9521K, capacity 10206K, committed 10240K, reserved 1048576K
}

