# JRE version: OpenJDK Runtime Environment (8.0_152-b01) (build 1.8.0_152-release-1248-b01)
# Java VM: OpenJDK 64-Bit Server VM (25.152-b01 mixed mode windows-amd64 compressed oops)
Heap:
 PSYoungGen      total 108544K, used 15295K [0x00000000e0000000, 0x00000000e9f00000, 0x0000000100000000)
  eden space 96768K, 3% used [0x00000000e0000000,0x00000000e0372850,0x00000000e5e80000)
  from space 11776K, 99% used [0x00000000e5e80000,0x00000000e69fd4e8,0x00000000e6a00000)
  to   space 14336K, 0% used [0x00000000e9100000,0x00000000e9100000,0x00000000e9f00000)
 ParOldGen       total 176640K, used 19045K [0x00000000a0000000, 0x00000000aac80000, 0x00000000e0000000)
  object space 176640K, 10% used [0x00000000a0000000,0x00000000a1299678,0x00000000aac80000)
 Metaspace       used 43266K, capacity 44154K, committed 44328K, reserved 1087488K
  class space    used 5871K, capacity 6156K, committed 6192K, reserved 1048576K
GC Heap History (10 events):
Event: 4.159 GC heap before
{Heap before GC invocations=5 (full 1):
 PSYoungGen      total 74752K, used 64512K [0x00000000e0000000, 0x00000000e5300000, 0x0000000100000000)
  eden space 64512K, 100% used [0x00000000e0000000,0x00000000e3f00000,0x00000000e3f00000)
  from space 10240K, 0% used [0x00000000e3f00000,0x00000000e3f00000,0x00000000e4900000)
  to   space 10240K, 0% used [0x00000000e4900000,0x00000000e4900000,0x00000000e5300000)
 ParOldGen       total 108544K, used 9964K [0x00000000a0000000, 0x00000000a6a00000, 0x00000000e0000000)
  object space 108544K, 9% used [0x00000000a0000000,0x00000000a09bb050,0x00000000a6a00000)
 Metaspace       used 27096K, capacity 27664K, committed 27696K, reserved 1073152K
  class space    used 3684K, capacity 3876K, committed 3888K, reserved 1048576K
Event: 4.164 GC heap after
Heap after GC invocations=5 (full 1):
 PSYoungGen      total 74752K, used 7051K [0x00000000e0000000, 0x00000000e7180000, 0x0000000100000000)
  eden space 64512K, 0% used [0x00000000e0000000,0x00000000e0000000,0x00000000e3f00000)
  from space 10240K, 68% used [0x00000000e4900000,0x00000000e4fe2e60,0x00000000e5300000)
  to   space 10240K, 0% used [0x00000000e3f00000,0x00000000e3f00000,0x00000000e4900000)
 ParOldGen       total 108544K, used 9972K [0x00000000a0000000, 0x00000000a6a00000, 0x00000000e0000000)
  object space 108544K, 9% used [0x00000000a0000000,0x00000000a09bd050,0x00000000a6a00000)
 Metaspace       used 27096K, capacity 27664K, committed 27696K, reserved 1073152K
  class space    used 3684K, capacity 3876K, committed 3888K, reserved 1048576K
}
Event: 4.699 GC heap before
{Heap before GC invocations=6 (full 1):
 PSYoungGen      total 74752K, used 71563K [0x00000000e0000000, 0x00000000e7180000, 0x0000000100000000)
  eden space 64512K, 100% used [0x00000000e0000000,0x00000000e3f00000,0x00000000e3f00000)
  from space 10240K, 68% used [0x00000000e4900000,0x00000000e4fe2e60,0x00000000e5300000)
  to   space 10240K, 0% used [0x00000000e3f00000,0x00000000e3f00000,0x00000000e4900000)
 ParOldGen       total 108544K, used 9972K [0x00000000a0000000, 0x00000000a6a00000, 0x00000000e0000000)
  object space 108544K, 9% used [0x00000000a0000000,0x00000000a09bd050,0x00000000a6a00000)
 Metaspace       used 30444K, capacity 30972K, committed 31152K, reserved 1075200K
  class space    used 4226K, capacity 4423K, committed 4528K, reserved 1048576K
Event: 4.705 GC heap after
Heap after GC invocations=6 (full 1):
 PSYoungGen      total 74752K, used 8370K [0x00000000e0000000, 0x00000000e7580000, 0x0000000100000000)
  eden space 64512K, 0% used [0x00000000e0000000,0x00000000e0000000,0x00000000e3f00000)
  from space 10240K, 81% used [0x00000000e3f00000,0x00000000e472c848,0x00000000e4900000)
  to   space 11776K, 0% used [0x00000000e6a00000,0x00000000e6a00000,0x00000000e7580000)
 ParOldGen       total 108544K, used 9980K [0x00000000a0000000, 0x00000000a6a00000, 0x00000000e0000000)
  object space 108544K, 9% used [0x00000000a0000000,0x00000000a09bf050,0x00000000a6a00000)
 Metaspace       used 30444K, capacity 30972K, committed 31152K, reserved 1075200K
  class space    used 4226K, capacity 4423K, committed 4528K, reserved 1048576K
}
Event: 5.328 GC heap before
{Heap before GC invocations=7 (full 1):
 PSYoungGen      total 74752K, used 43422K [0x00000000e0000000, 0x00000000e7580000, 0x0000000100000000)
  eden space 64512K, 54% used [0x00000000e0000000,0x00000000e223b340,0x00000000e3f00000)
  from space 10240K, 81% used [0x00000000e3f00000,0x00000000e472c848,0x00000000e4900000)
  to   space 11776K, 0% used [0x00000000e6a00000,0x00000000e6a00000,0x00000000e7580000)
 ParOldGen       total 108544K, used 9980K [0x00000000a0000000, 0x00000000a6a00000, 0x00000000e0000000)
  object space 108544K, 9% used [0x00000000a0000000,0x00000000a09bf050,0x00000000a6a00000)
 Metaspace       used 34593K, capacity 35294K, committed 35496K, reserved 1079296K
  class space    used 4815K, capacity 5033K, committed 5040K, reserved 1048576K
Event: 5.335 GC heap after
Heap after GC invocations=7 (full 1):
 PSYoungGen      total 108544K, used 9429K [0x00000000e0000000, 0x00000000e7700000, 0x0000000100000000)
  eden space 96768K, 0% used [0x00000000e0000000,0x00000000e0000000,0x00000000e5e80000)
  from space 11776K, 80% used [0x00000000e6a00000,0x00000000e7335638,0x00000000e7580000)
  to   space 11776K, 0% used [0x00000000e5e80000,0x00000000e5e80000,0x00000000e6a00000)
 ParOldGen       total 108544K, used 9988K [0x00000000a0000000, 0x00000000a6a00000, 0x00000000e0000000)
  object space 108544K, 9% used [0x00000000a0000000,0x00000000a09c1050,0x00000000a6a00000)
 Metaspace       used 34593K, capacity 35294K, committed 35496K, reserved 1079296K
  class space    used 4815K, capacity 5033K, committed 5040K, reserved 1048576K
}
Event: 5.335 GC heap before
{Heap before GC invocations=8 (full 2):
 PSYoungGen      total 108544K, used 9429K [0x00000000e0000000, 0x00000000e7700000, 0x0000000100000000)
  eden space 96768K, 0% used [0x00000000e0000000,0x00000000e0000000,0x00000000e5e80000)
  from space 11776K, 80% used [0x00000000e6a00000,0x00000000e7335638,0x00000000e7580000)
  to   space 11776K, 0% used [0x00000000e5e80000,0x00000000e5e80000,0x00000000e6a00000)
 ParOldGen       total 108544K, used 9988K [0x00000000a0000000, 0x00000000a6a00000, 0x00000000e0000000)
  object space 108544K, 9% used [0x00000000a0000000,0x00000000a09c1050,0x00000000a6a00000)
 Metaspace       used 34593K, capacity 35294K, committed 35496K, reserved 1079296K
  class space    used 4815K, capacity 5033K, committed 5040K, reserved 1048576K
Event: 5.381 GC heap after
Heap after GC invocations=8 (full 2):
 PSYoungGen      total 108544K, used 0K [0x00000000e0000000, 0x00000000e7700000, 0x0000000100000000)
  eden space 96768K, 0% used [0x00000000e0000000,0x00000000e0000000,0x00000000e5e80000)
  from space 11776K, 0% used [0x00000000e6a00000,0x00000000e6a00000,0x00000000e7580000)
  to   space 11776K, 0% used [0x00000000e5e80000,0x00000000e5e80000,0x00000000e6a00000)
 ParOldGen       total 176640K, used 16253K [0x00000000a0000000, 0x00000000aac80000, 0x00000000e0000000)
  object space 176640K, 9% used [0x00000000a0000000,0x00000000a0fdf618,0x00000000aac80000)
 Metaspace       used 34593K, capacity 35294K, committed 35496K, reserved 1079296K
  class space    used 4815K, capacity 5033K, committed 5040K, reserved 1048576K
}
Event: 6.396 GC heap before
{Heap before GC invocations=9 (full 2):
 PSYoungGen      total 108544K, used 96768K [0x00000000e0000000, 0x00000000e7700000, 0x0000000100000000)
  eden space 96768K, 100% used [0x00000000e0000000,0x00000000e5e80000,0x00000000e5e80000)
  from space 11776K, 0% used [0x00000000e6a00000,0x00000000e6a00000,0x00000000e7580000)
  to   space 11776K, 0% used [0x00000000e5e80000,0x00000000e5e80000,0x00000000e6a00000)
 ParOldGen       total 176640K, used 16253K [0x00000000a0000000, 0x00000000aac80000, 0x00000000e0000000)
  object space 176640K, 9% used [0x00000000a0000000,0x00000000a0fdf618,0x00000000aac80000)
 Metaspace       used 43057K, capacity 43962K, committed 44328K, reserved 1087488K
  class space    used 5844K, capacity 6156K, committed 6192K, reserved 1048576K
Event: 6.408 GC heap after
Heap after GC invocations=9 (full 2):
 PSYoungGen      total 108544K, used 11765K [0x00000000e0000000, 0x00000000e9f00000, 0x0000000100000000)
  eden space 96768K, 0% used [0x00000000e0000000,0x00000000e0000000,0x00000000e5e80000)
  from space 11776K, 99% used [0x00000000e5e80000,0x00000000e69fd4e8,0x00000000e6a00000)
  to   space 14336K, 0% used [0x00000000e9100000,0x00000000e9100000,0x00000000e9f00000)
 ParOldGen       total 176640K, used 19045K [0x00000000a0000000, 0x00000000aac80000, 0x00000000e0000000)
  object space 176640K, 10% used [0x00000000a0000000,0x00000000a1299678,0x00000000aac80000)
 Metaspace       used 43057K, capacity 43962K, committed 44328K, reserved 1087488K
  class space    used 5844K, capacity 6156K, committed 6192K, reserved 1048576K
}

